<?xml version="1.0" encoding="utf-8"?><testsuites name="pytest tests"><testsuite name="pytest" errors="0" failures="1" skipped="0" tests="18" time="2.664" timestamp="2026-04-24T12:09:05.952096+00:00" hostname="agent-env-854ba18f-252b-4992-a85f-6bab100608be"><testcase classname="backend.tests.test_backend_api.TestRoot" name="test_root" time="0.283" /><testcase classname="backend.tests.test_backend_api.TestPackages" name="test_list_packages" time="0.074" /><testcase classname="backend.tests.test_backend_api.TestCheckout" name="test_checkout_package_champion" time="0.693" /><testcase classname="backend.tests.test_backend_api.TestCheckout" name="test_checkout_custom_amount" time="0.481" /><testcase classname="backend.tests.test_backend_api.TestCheckout" name="test_checkout_invalid_package" time="0.057" /><testcase classname="backend.tests.test_backend_api.TestCheckout" name="test_checkout_missing_both" time="0.051" /><testcase classname="backend.tests.test_backend_api.TestCheckout" name="test_checkout_amount_too_low" time="0.051" /><testcase classname="backend.tests.test_backend_api.TestCheckout" name="test_checkout_amount_too_high" time="0.052" /><testcase classname="backend.tests.test_backend_api.TestCheckout" name="test_status_champion" time="0.230"><failure message="AssertionError: {&quot;detail&quot;:&quot;Stripe error: Failed to retrieve session status: Request req_sHP6FS4ol183JU: No such checkout.session: cs_test_a1PI83cro7KpRyHm9cPESs8T4I0FFwFgNFB97qAA2llx0IXL5V1ITe1WFv&quot;}&#10;assert 502 == 200&#10; +  where 502 = &lt;Response [502]&gt;.status_code">backend/tests/test_backend_api.py:106: in test_status_champion
    assert r.status_code == 200, r.text
E   AssertionError: {"detail":"Stripe error: Failed to retrieve session status: Request req_sHP6FS4ol183JU: No such checkout.session: cs_test_a1PI83cro7KpRyHm9cPESs8T4I0FFwFgNFB97qAA2llx0IXL5V1ITe1WFv"}
E   assert 502 == 200
E    +  where 502 = &lt;Response [502]&gt;.status_code</failure></testcase><testcase classname="backend.tests.test_backend_api.TestCheckout" name="test_status_not_found" time="0.055" /><testcase classname="backend.tests.test_backend_api.TestVolunteers" name="test_create_volunteer" time="0.070" /><testcase classname="backend.tests.test_backend_api.TestVolunteers" name="test_list_volunteers" time="0.053" /><testcase classname="backend.tests.test_backend_api.TestVolunteers" name="test_create_volunteer_missing_name" time="0.052" /><testcase classname="backend.tests.test_backend_api.TestVolunteers" name="test_create_volunteer_invalid_email" time="0.051" /><testcase classname="backend.tests.test_backend_api.TestActivitySignups" name="test_create_activity_signup" time="0.061" /><testcase classname="backend.tests.test_backend_api.TestActivitySignups" name="test_list_activity_signups" time="0.055" /><testcase classname="backend.tests.test_backend_api.TestActivitySignups" name="test_create_activity_missing_fields" time="0.051" /><testcase classname="backend.tests.test_backend_api.TestContact" name="test_create_contact" time="0.060" /></testsuite></testsuites>